<?xml version="1.0" encoding="UTF-8"?>
<robot generator="Robot 4.0.2 (Python 3.8.3 on win32)" generated="20210523 15:15:00.241" rpa="false" schemaversion="2">
<suite id="s1" name="Appium Flutter Driver Example" source="D:\Documentos\Codes\robotframework\appium_flutter_driver_example">
<suite id="s1-s1" name="Case" source="D:\Documentos\Codes\robotframework\appium_flutter_driver_example\case">
<suite id="s1-s1-s1" name="Example" source="D:\Documentos\Codes\robotframework\appium_flutter_driver_example\case\example.robot">
<test id="s1-s1-s1-t1" name="Example Test">
<kw name="Open Application" library="AppiumFlutterLibrary">
<arg>http://localhost:4723/wd/hub</arg>
<arg>platformName=Android</arg>
<arg>automationName=Flutter</arg>
<arg>deviceName=AutomationDevice</arg>
<arg>udid=${device}</arg>
<arg>appPackage=${package}</arg>
<arg>appActivity=${activity}</arg>
<status status="PASS" starttime="20210523 15:15:00.396" endtime="20210523 15:15:10.955"/>
</kw>
<kw name="Sleep" library="BuiltIn">
<arg>3</arg>
<doc>Pauses the test executed for the given time.</doc>
<msg timestamp="20210523 15:15:13.962" level="INFO">Slept 3 seconds</msg>
<status status="PASS" starttime="20210523 15:15:10.956" endtime="20210523 15:15:13.963"/>
</kw>
<kw name="Capture Page Screenshot" library="AppiumFlutterLibrary">
<msg timestamp="20210523 15:15:14.200" level="INFO" html="true">&lt;/td&gt;&lt;/tr&gt;&lt;tr&gt;&lt;td colspan="3"&gt;&lt;a href="appium-screenshot-1.png"&gt;&lt;img src="appium-screenshot-1.png" width="800px"&gt;&lt;/a&gt;</msg>
<status status="PASS" starttime="20210523 15:15:13.964" endtime="20210523 15:15:14.200"/>
</kw>
<kw name="Click Element" library="AppiumFlutterLibrary">
<arg>btn_continue</arg>
<msg timestamp="20210523 15:15:14.338" level="INFO" html="true">Clicking the element [btn_continue]</msg>
<status status="PASS" starttime="20210523 15:15:14.200" endtime="20210523 15:15:14.338"/>
</kw>
<kw name="Sleep" library="BuiltIn">
<arg>1</arg>
<doc>Pauses the test executed for the given time.</doc>
<msg timestamp="20210523 15:15:15.340" level="INFO">Slept 1 second</msg>
<status status="PASS" starttime="20210523 15:15:14.338" endtime="20210523 15:15:15.340"/>
</kw>
<kw name="Get Text" library="AppiumFlutterLibrary">
<var>${value}</var>
<arg>Continue</arg>
<arg>text</arg>
<msg timestamp="20210523 15:15:15.361" level="INFO">${value} = Continue</msg>
<status status="PASS" starttime="20210523 15:15:15.341" endtime="20210523 15:15:15.361"/>
</kw>
<kw name="Get Text" library="AppiumFlutterLibrary">
<var>${value}</var>
<arg>lbl_remember</arg>
<msg timestamp="20210523 15:15:15.372" level="INFO">${value} = Remember me</msg>
<status status="PASS" starttime="20210523 15:15:15.362" endtime="20210523 15:15:15.372"/>
</kw>
<kw name="Get Text" library="AppiumFlutterLibrary">
<var>${value}</var>
<arg>Forgot Password</arg>
<arg>text</arg>
<msg timestamp="20210523 15:15:15.382" level="INFO">${value} = Forgot Password</msg>
<status status="PASS" starttime="20210523 15:15:15.373" endtime="20210523 15:15:15.382"/>
</kw>
<kw name="Input Text" library="AppiumFlutterLibrary">
<arg>input_email</arg>
<arg>automation@gmail.com</arg>
<msg timestamp="20210523 15:15:15.464" level="INFO" html="true">typing [automation@gmail.com] in the [input_email] element</msg>
<status status="PASS" starttime="20210523 15:15:15.382" endtime="20210523 15:15:15.464"/>
</kw>
<kw name="Sleep" library="BuiltIn">
<arg>1</arg>
<doc>Pauses the test executed for the given time.</doc>
<msg timestamp="20210523 15:15:16.469" level="INFO">Slept 1 second</msg>
<status status="PASS" starttime="20210523 15:15:15.465" endtime="20210523 15:15:16.469"/>
</kw>
<kw name="Input Text" library="AppiumFlutterLibrary">
<arg>input_password</arg>
<arg>123456789</arg>
<msg timestamp="20210523 15:15:16.505" level="INFO" html="true">typing [123456789] in the [input_password] element</msg>
<status status="PASS" starttime="20210523 15:15:16.469" endtime="20210523 15:15:16.505"/>
</kw>
<kw name="Sleep" library="BuiltIn">
<arg>1</arg>
<doc>Pauses the test executed for the given time.</doc>
<msg timestamp="20210523 15:15:17.520" level="INFO">Slept 1 second</msg>
<status status="PASS" starttime="20210523 15:15:16.506" endtime="20210523 15:15:17.520"/>
</kw>
<kw name="Capture Page Screenshot" library="AppiumFlutterLibrary">
<msg timestamp="20210523 15:15:17.689" level="INFO" html="true">&lt;/td&gt;&lt;/tr&gt;&lt;tr&gt;&lt;td colspan="3"&gt;&lt;a href="appium-screenshot-2.png"&gt;&lt;img src="appium-screenshot-2.png" width="800px"&gt;&lt;/a&gt;</msg>
<status status="PASS" starttime="20210523 15:15:17.520" endtime="20210523 15:15:17.689"/>
</kw>
<kw name="Click Element" library="AppiumFlutterLibrary">
<arg>btn_continue</arg>
<msg timestamp="20210523 15:15:17.707" level="INFO" html="true">Clicking the element [btn_continue]</msg>
<status status="PASS" starttime="20210523 15:15:17.690" endtime="20210523 15:15:17.707"/>
</kw>
<kw name="Sleep" library="BuiltIn">
<arg>1</arg>
<doc>Pauses the test executed for the given time.</doc>
<msg timestamp="20210523 15:15:18.713" level="INFO">Slept 1 second</msg>
<status status="PASS" starttime="20210523 15:15:17.707" endtime="20210523 15:15:18.713"/>
</kw>
<kw name="Capture Page Screenshot" library="AppiumFlutterLibrary">
<msg timestamp="20210523 15:15:18.896" level="INFO" html="true">&lt;/td&gt;&lt;/tr&gt;&lt;tr&gt;&lt;td colspan="3"&gt;&lt;a href="appium-screenshot-3.png"&gt;&lt;img src="appium-screenshot-3.png" width="800px"&gt;&lt;/a&gt;</msg>
<status status="PASS" starttime="20210523 15:15:18.713" endtime="20210523 15:15:18.896"/>
</kw>
<kw name="Click Element" library="AppiumFlutterLibrary">
<arg>btn_home</arg>
<msg timestamp="20210523 15:15:18.918" level="INFO" html="true">Clicking the element [btn_home]</msg>
<status status="PASS" starttime="20210523 15:15:18.896" endtime="20210523 15:15:18.918"/>
</kw>
<kw name="Sleep" library="BuiltIn">
<arg>1</arg>
<doc>Pauses the test executed for the given time.</doc>
<msg timestamp="20210523 15:15:19.920" level="INFO">Slept 1 second</msg>
<status status="PASS" starttime="20210523 15:15:18.919" endtime="20210523 15:15:19.920"/>
</kw>
<kw name="Capture Page Screenshot" library="AppiumFlutterLibrary">
<msg timestamp="20210523 15:15:20.167" level="INFO" html="true">&lt;/td&gt;&lt;/tr&gt;&lt;tr&gt;&lt;td colspan="3"&gt;&lt;a href="appium-screenshot-4.png"&gt;&lt;img src="appium-screenshot-4.png" width="800px"&gt;&lt;/a&gt;</msg>
<status status="PASS" starttime="20210523 15:15:19.920" endtime="20210523 15:15:20.168"/>
</kw>
<status status="PASS" starttime="20210523 15:15:00.395" endtime="20210523 15:15:20.168"/>
</test>
<status status="PASS" starttime="20210523 15:15:00.268" endtime="20210523 15:15:20.170"/>
</suite>
<status status="PASS" starttime="20210523 15:15:00.265" endtime="20210523 15:15:20.172"/>
</suite>
<status status="PASS" starttime="20210523 15:15:00.242" endtime="20210523 15:15:20.174"/>
</suite>
<statistics>
<total>
<stat pass="1" fail="0" skip="0">All Tests</stat>
</total>
<tag>
</tag>
<suite>
<stat pass="1" fail="0" skip="0" id="s1" name="Appium Flutter Driver Example">Appium Flutter Driver Example</stat>
<stat pass="1" fail="0" skip="0" id="s1-s1" name="Case">Appium Flutter Driver Example.Case</stat>
<stat pass="1" fail="0" skip="0" id="s1-s1-s1" name="Example">Appium Flutter Driver Example.Case.Example</stat>
</suite>
</statistics>
<errors>
</errors>
</robot>
