<?xml version="1.0" encoding="UTF-8"?>
<robot generator="Robot 4.0.2 (Python 3.8.3 on win32)" generated="20210523 12:15:15.959" rpa="false" schemaversion="2">
<suite id="s1" name="Appium Flutter Driver Example" source="D:\Documentos\Codes\robotframework\appium_flutter_driver_example">
<suite id="s1-s1" name="Case" source="D:\Documentos\Codes\robotframework\appium_flutter_driver_example\case">
<suite id="s1-s1-s1" name="Example" source="D:\Documentos\Codes\robotframework\appium_flutter_driver_example\case\example.robot">
<test id="s1-s1-s1-t1" name="Example Test">
<kw name="Open Application" library="AppiumFlutterLibrary">
<arg>http://localhost:4723/wd/hub</arg>
<arg>platformName=Android</arg>
<arg>automationName=Flutter</arg>
<arg>deviceName=AutomationDevice</arg>
<arg>udid=${device}</arg>
<arg>appPackage=${package}</arg>
<arg>appActivity=${activity}</arg>
<status status="PASS" starttime="20210523 12:15:16.093" endtime="20210523 12:15:27.974"/>
</kw>
<kw name="Sleep" library="BuiltIn">
<arg>3</arg>
<doc>Pauses the test executed for the given time.</doc>
<msg timestamp="20210523 12:15:30.982" level="INFO">Slept 3 seconds</msg>
<status status="PASS" starttime="20210523 12:15:27.974" endtime="20210523 12:15:30.982"/>
</kw>
<kw name="Capture Page Screenshot" library="AppiumFlutterLibrary">
<msg timestamp="20210523 12:15:31.170" level="INFO" html="true">&lt;/td&gt;&lt;/tr&gt;&lt;tr&gt;&lt;td colspan="3"&gt;&lt;a href="appium-screenshot-1.png"&gt;&lt;img src="appium-screenshot-1.png" width="800px"&gt;&lt;/a&gt;</msg>
<status status="PASS" starttime="20210523 12:15:30.983" endtime="20210523 12:15:31.170"/>
</kw>
<kw name="Click Element" library="AppiumFlutterLibrary">
<arg>btn_continue</arg>
<msg timestamp="20210523 12:15:31.306" level="INFO" html="true">Clicking the element [btn_continue]</msg>
<status status="PASS" starttime="20210523 12:15:31.171" endtime="20210523 12:15:31.307"/>
</kw>
<kw name="Sleep" library="BuiltIn">
<arg>1</arg>
<doc>Pauses the test executed for the given time.</doc>
<msg timestamp="20210523 12:15:32.313" level="INFO">Slept 1 second</msg>
<status status="PASS" starttime="20210523 12:15:31.308" endtime="20210523 12:15:32.313"/>
</kw>
<kw name="Input Text" library="AppiumFlutterLibrary">
<arg>input_email</arg>
<arg>automation@gmail.com</arg>
<msg timestamp="20210523 12:15:32.402" level="INFO" html="true">typing [automation@gmail.com] in the [input_email] element</msg>
<status status="PASS" starttime="20210523 12:15:32.313" endtime="20210523 12:15:32.402"/>
</kw>
<kw name="Sleep" library="BuiltIn">
<arg>1</arg>
<doc>Pauses the test executed for the given time.</doc>
<msg timestamp="20210523 12:15:33.410" level="INFO">Slept 1 second</msg>
<status status="PASS" starttime="20210523 12:15:32.403" endtime="20210523 12:15:33.410"/>
</kw>
<kw name="Get Text" library="AppiumFlutterLibrary">
<var>${value}</var>
<arg>lbl_remember</arg>
<msg timestamp="20210523 12:15:33.427" level="INFO">${value} = Remember me</msg>
<status status="PASS" starttime="20210523 12:15:33.411" endtime="20210523 12:15:33.427"/>
</kw>
<kw name="Get Text" library="AppiumFlutterLibrary">
<var>${value}</var>
<arg>Forgot Password</arg>
<arg>text</arg>
<msg timestamp="20210523 12:15:33.445" level="INFO">${value} = Forgot Password</msg>
<status status="PASS" starttime="20210523 12:15:33.427" endtime="20210523 12:15:33.445"/>
</kw>
<kw name="Get Text" library="AppiumFlutterLibrary">
<var>${value}</var>
<arg>Continue</arg>
<arg>text</arg>
<msg timestamp="20210523 12:15:33.456" level="INFO">${value} = Continue</msg>
<status status="PASS" starttime="20210523 12:15:33.445" endtime="20210523 12:15:33.456"/>
</kw>
<kw name="Input Text" library="AppiumFlutterLibrary">
<arg>input_password</arg>
<arg>123456789</arg>
<msg timestamp="20210523 12:15:33.487" level="INFO" html="true">typing [123456789] in the [input_password] element</msg>
<status status="PASS" starttime="20210523 12:15:33.456" endtime="20210523 12:15:33.488"/>
</kw>
<kw name="Sleep" library="BuiltIn">
<arg>1</arg>
<doc>Pauses the test executed for the given time.</doc>
<msg timestamp="20210523 12:15:34.503" level="INFO">Slept 1 second</msg>
<status status="PASS" starttime="20210523 12:15:33.488" endtime="20210523 12:15:34.503"/>
</kw>
<kw name="Capture Page Screenshot" library="AppiumFlutterLibrary">
<msg timestamp="20210523 12:15:34.660" level="INFO" html="true">&lt;/td&gt;&lt;/tr&gt;&lt;tr&gt;&lt;td colspan="3"&gt;&lt;a href="appium-screenshot-2.png"&gt;&lt;img src="appium-screenshot-2.png" width="800px"&gt;&lt;/a&gt;</msg>
<status status="PASS" starttime="20210523 12:15:34.503" endtime="20210523 12:15:34.660"/>
</kw>
<kw name="Click Element" library="AppiumFlutterLibrary">
<arg>btn_continue</arg>
<msg timestamp="20210523 12:15:34.687" level="INFO" html="true">Clicking the element [btn_continue]</msg>
<status status="PASS" starttime="20210523 12:15:34.661" endtime="20210523 12:15:34.687"/>
</kw>
<kw name="Sleep" library="BuiltIn">
<arg>1</arg>
<doc>Pauses the test executed for the given time.</doc>
<msg timestamp="20210523 12:15:35.693" level="INFO">Slept 1 second</msg>
<status status="PASS" starttime="20210523 12:15:34.687" endtime="20210523 12:15:35.693"/>
</kw>
<kw name="Capture Page Screenshot" library="AppiumFlutterLibrary">
<msg timestamp="20210523 12:15:35.874" level="INFO" html="true">&lt;/td&gt;&lt;/tr&gt;&lt;tr&gt;&lt;td colspan="3"&gt;&lt;a href="appium-screenshot-3.png"&gt;&lt;img src="appium-screenshot-3.png" width="800px"&gt;&lt;/a&gt;</msg>
<status status="PASS" starttime="20210523 12:15:35.694" endtime="20210523 12:15:35.874"/>
</kw>
<kw name="Click Element" library="AppiumFlutterLibrary">
<arg>btn_home</arg>
<msg timestamp="20210523 12:15:35.891" level="INFO" html="true">Clicking the element [btn_home]</msg>
<status status="PASS" starttime="20210523 12:15:35.875" endtime="20210523 12:15:35.891"/>
</kw>
<kw name="Sleep" library="BuiltIn">
<arg>1</arg>
<doc>Pauses the test executed for the given time.</doc>
<msg timestamp="20210523 12:15:36.900" level="INFO">Slept 1 second</msg>
<status status="PASS" starttime="20210523 12:15:35.892" endtime="20210523 12:15:36.900"/>
</kw>
<kw name="Capture Page Screenshot" library="AppiumFlutterLibrary">
<msg timestamp="20210523 12:15:37.149" level="INFO" html="true">&lt;/td&gt;&lt;/tr&gt;&lt;tr&gt;&lt;td colspan="3"&gt;&lt;a href="appium-screenshot-4.png"&gt;&lt;img src="appium-screenshot-4.png" width="800px"&gt;&lt;/a&gt;</msg>
<status status="PASS" starttime="20210523 12:15:36.900" endtime="20210523 12:15:37.150"/>
</kw>
<kw name="Log" library="BuiltIn">
<arg>Teste</arg>
<arg>console=True</arg>
<doc>Logs the given message with the given level.</doc>
<msg timestamp="20210523 12:15:37.150" level="INFO">Teste</msg>
<status status="PASS" starttime="20210523 12:15:37.150" endtime="20210523 12:15:37.150"/>
</kw>
<status status="PASS" starttime="20210523 12:15:16.093" endtime="20210523 12:15:37.151"/>
</test>
<status status="PASS" starttime="20210523 12:15:15.983" endtime="20210523 12:15:37.152"/>
</suite>
<status status="PASS" starttime="20210523 12:15:15.981" endtime="20210523 12:15:37.153"/>
</suite>
<status status="PASS" starttime="20210523 12:15:15.961" endtime="20210523 12:15:37.154"/>
</suite>
<statistics>
<total>
<stat pass="1" fail="0" skip="0">All Tests</stat>
</total>
<tag>
</tag>
<suite>
<stat pass="1" fail="0" skip="0" id="s1" name="Appium Flutter Driver Example">Appium Flutter Driver Example</stat>
<stat pass="1" fail="0" skip="0" id="s1-s1" name="Case">Appium Flutter Driver Example.Case</stat>
<stat pass="1" fail="0" skip="0" id="s1-s1-s1" name="Example">Appium Flutter Driver Example.Case.Example</stat>
</suite>
</statistics>
<errors>
</errors>
</robot>
